[INFO ] 2024-09-27 23:26:08.070 [main] LoginHRMOrange - Setup2 executed...
[INFO ] 2024-09-27 23:26:08.166 [main] LoginHRMOrange - Setup2 executed...
[INFO ] 2024-09-27 23:26:19.154 [main] LoginHRMOrange - Launch Chrome Browser...
[INFO ] 2024-09-27 23:26:20.175 [main] LoginHRMOrange - Enter UserName Details...
[INFO ] 2024-09-27 23:26:20.888 [main] LoginHRMOrange - Enter Password Details...
[INFO ] 2024-09-27 23:26:21.146 [main] LoginHRMOrange - Click login Details...
[INFO ] 2024-09-27 23:26:29.082 [main] LoginHRMOrange - Click PIM Module Details...
[INFO ] 2024-09-27 23:26:31.050 [main] LoginHRMOrange - Click Employee Details...
[INFO ] 2024-09-27 23:26:31.805 [main] LoginHRMOrange - Enter User FirstName Details...
[INFO ] 2024-09-27 23:26:32.190 [main] LoginHRMOrange - Enter User MiddleName Details...
[INFO ] 2024-09-27 23:26:32.542 [main] LoginHRMOrange - Enter User LastName Details...
[INFO ] 2024-09-27 23:26:32.876 [main] LoginHRMOrange - Click on Save Button 
[INFO ] 2024-09-27 23:26:34.936 [main] LoginHRMOrange - Setup2 executed...
[INFO ] 2024-09-27 23:26:34.936 [main] LoginHRMOrange - Setup2 executed...
[INFO ] 2024-09-27 23:26:47.850 [main] LoginHRMOrange - Launch Chrome Browser...
[INFO ] 2024-09-27 23:26:48.657 [main] LoginHRMOrange - Enter Valid Username Details...
[INFO ] 2024-09-27 23:26:49.412 [main] LoginHRMOrange - Enter Valid Password Details...
[INFO ] 2024-09-27 23:26:49.713 [main] LoginHRMOrange - Click login Details...
[INFO ] 2024-09-27 23:26:51.353 [main] LoginHRMOrange - Verify Details...
[INFO ] 2024-09-27 23:26:51.737 [main] LoginHRMOrange - Enter Home page Details...
[INFO ] 2024-09-27 23:26:53.478 [main] LoginHRMOrange - Logout Details...
[INFO ] 2024-09-27 23:26:53.975 [main] LoginHRMOrange - Enter Close Button...
[INFO ] 2024-09-27 23:26:55.805 [main] LoginHRMOrange - Setup2 executed...
[INFO ] 2024-09-27 23:26:55.813 [main] LoginHRMOrange - Setup2 executed...
[INFO ] 2024-09-27 23:27:11.381 [main] LoginHRMOrange - Launch Chrome Browser...
[INFO ] 2024-09-27 23:27:12.292 [main] LoginHRMOrange - Enter InValid  UserName Details...
[INFO ] 2024-09-27 23:27:12.913 [main] LoginHRMOrange - Enter InValid Passwod Details...
[INFO ] 2024-09-27 23:27:15.053 [main] LoginHRMOrange - Click login Details...
[INFO ] 2024-09-27 23:27:15.578 [main] LoginHRMOrange -  Validate the Valid and Invalid Details...
[INFO ] 2024-09-27 23:27:16.071 [main] LoginHRMOrange - Enter Close Button...
[INFO ] 2024-09-27 23:43:11.493 [main] LoginHRMOrange - Setup2 executed...
[INFO ] 2024-09-27 23:43:11.559 [main] LoginHRMOrange - Setup2 executed...
[INFO ] 2024-09-27 23:44:44.916 [main] LoginHRMOrange - Launch Chrome Browser...
[INFO ] 2024-09-27 23:44:45.839 [main] LoginHRMOrange - Enter UserName Details...
[INFO ] 2024-09-27 23:44:46.012 [main] LoginHRMOrange - Enter Password Details...
[INFO ] 2024-09-27 23:44:48.032 [main] LoginHRMOrange - Click login Details...
[INFO ] 2024-09-27 23:44:48.065 [main] LoginHRMOrange - Verify Details...
[INFO ] 2024-09-27 23:44:48.866 [main] LoginHRMOrange - Enter Home page Details...
[INFO ] 2024-09-27 23:44:50.334 [main] LoginHRMOrange - Logout Details...
[INFO ] 2024-09-27 23:44:50.571 [main] LoginHRMOrange - Enter Close Button...
[INFO ] 2024-09-27 23:48:07.613 [main] LoginHRMOrange - Setup2 executed...
[INFO ] 2024-09-27 23:48:07.677 [main] LoginHRMOrange - Setup2 executed...
[INFO ] 2024-09-27 23:48:21.814 [main] LoginHRMOrange - Launch Chrome Browser...
[INFO ] 2024-09-27 23:48:23.947 [main] LoginHRMOrange - Enter UserName Details...
[INFO ] 2024-09-27 23:48:24.183 [main] LoginHRMOrange - Enter Password Details...
[INFO ] 2024-09-27 23:48:26.449 [main] LoginHRMOrange - Click login Details...
[INFO ] 2024-09-27 23:48:26.471 [main] LoginHRMOrange - Verify Details...
[INFO ] 2024-09-27 23:48:27.165 [main] LoginHRMOrange - Enter Home page Details...
[INFO ] 2024-09-27 23:48:28.984 [main] LoginHRMOrange - Logout Details...
[INFO ] 2024-09-27 23:48:29.221 [main] LoginHRMOrange - Enter Close Button...
[INFO ] 2024-09-27 23:55:53.627 [main] LoginHRMOrange - Setup2 executed...
[INFO ] 2024-09-27 23:55:53.745 [main] LoginHRMOrange - Setup2 executed...
[INFO ] 2024-09-27 23:56:05.149 [main] LoginHRMOrange - Launch Chrome Browser...
[INFO ] 2024-09-27 23:56:05.987 [main] LoginHRMOrange - Enter UserName Details...
[INFO ] 2024-09-27 23:56:06.160 [main] LoginHRMOrange - Enter Password Details...
[INFO ] 2024-09-27 23:56:07.850 [main] LoginHRMOrange - Click login Details...
[INFO ] 2024-09-28 00:04:36.710 [main] LoginHRMOrange - Setup2 executed...
[INFO ] 2024-09-28 00:04:36.784 [main] LoginHRMOrange - Setup2 executed...
[INFO ] 2024-09-28 00:04:53.091 [main] LoginHRMOrange - Launch Chrome Browser...
[INFO ] 2024-09-28 00:04:54.060 [main] LoginHRMOrange - Enter UserName Details...
[INFO ] 2024-09-28 00:04:54.233 [main] LoginHRMOrange - Enter Password Details...
[INFO ] 2024-09-28 00:04:56.143 [main] LoginHRMOrange - Click login Details...
[INFO ] 2024-09-28 00:05:08.844 [main] LoginHRMOrange - Setup2 executed...
[INFO ] 2024-09-28 00:05:08.844 [main] LoginHRMOrange - Setup2 executed...
[INFO ] 2024-09-28 00:05:18.101 [main] LoginHRMOrange - Launch Chrome Browser...
[INFO ] 2024-09-28 00:05:19.001 [main] LoginHRMOrange - Enter Valid Username Details...
[INFO ] 2024-09-28 00:05:19.205 [main] LoginHRMOrange - Enter Valid Password Details...
[INFO ] 2024-09-28 00:05:21.239 [main] LoginHRMOrange - Click login Details...
[INFO ] 2024-09-28 00:05:21.258 [main] LoginHRMOrange - Verify Details...
[INFO ] 2024-09-28 00:05:21.923 [main] LoginHRMOrange - Enter Home page Details...
[INFO ] 2024-09-28 00:05:23.973 [main] LoginHRMOrange - Logout Details...
[INFO ] 2024-09-28 00:05:24.161 [main] LoginHRMOrange - Enter Close Button...
[INFO ] 2024-09-28 00:05:26.382 [main] LoginHRMOrange - Setup2 executed...
[INFO ] 2024-09-28 00:05:26.382 [main] LoginHRMOrange - Setup2 executed...
[INFO ] 2024-09-28 00:05:35.012 [main] LoginHRMOrange - Launch Chrome Browser...
[INFO ] 2024-09-28 00:05:35.775 [main] LoginHRMOrange - Enter InValid  UserName Details...
[INFO ] 2024-09-28 00:05:35.994 [main] LoginHRMOrange - Enter InValid Passwod Details...
[INFO ] 2024-09-28 00:05:37.048 [main] LoginHRMOrange - Click login Details...
[INFO ] 2024-09-28 00:05:37.528 [main] LoginHRMOrange -  Validate the Valid and Invalid Details...
[INFO ] 2024-09-28 00:05:37.689 [main] LoginHRMOrange - Enter Close Button...
[INFO ] 2024-09-28 00:08:32.328 [main] LoginHRMOrange - Setup2 executed...
[INFO ] 2024-09-28 00:08:32.422 [main] LoginHRMOrange - Setup2 executed...
[INFO ] 2024-09-28 00:08:37.705 [main] LoginHRMOrange - Launch Chrome Browser...
[INFO ] 2024-09-28 00:09:10.837 [main] LoginHRMOrange - Enter UserName Details...
[INFO ] 2024-09-28 00:09:11.522 [main] LoginHRMOrange - Enter Password Details...
[INFO ] 2024-09-28 00:09:13.634 [main] LoginHRMOrange - Click login Details...
[INFO ] 2024-09-28 00:09:17.612 [main] LoginHRMOrange - Click PIM Module Details...
[INFO ] 2024-09-28 00:09:19.871 [main] LoginHRMOrange - Click Employee Details...
[INFO ] 2024-09-28 00:09:20.733 [main] LoginHRMOrange - Enter User FirstName Details...
[INFO ] 2024-09-28 00:09:21.115 [main] LoginHRMOrange - Enter User MiddleName Details...
[INFO ] 2024-09-28 00:09:21.512 [main] LoginHRMOrange - Enter User LastName Details...
[INFO ] 2024-09-28 00:09:21.825 [main] LoginHRMOrange - Click on Save Button 
[INFO ] 2024-09-28 00:09:23.767 [main] LoginHRMOrange - Setup2 executed...
[INFO ] 2024-09-28 00:09:23.767 [main] LoginHRMOrange - Setup2 executed...
[INFO ] 2024-09-28 00:09:34.036 [main] LoginHRMOrange - Launch Chrome Browser...
[INFO ] 2024-09-28 00:09:34.830 [main] LoginHRMOrange - Enter Valid Username Details...
[INFO ] 2024-09-28 00:09:35.497 [main] LoginHRMOrange - Enter Valid Password Details...
[INFO ] 2024-09-28 00:09:35.771 [main] LoginHRMOrange - Click login Details...
[INFO ] 2024-09-28 00:09:37.385 [main] LoginHRMOrange - Verify Details...
[INFO ] 2024-09-28 00:09:37.823 [main] LoginHRMOrange - Enter Home page Details...
[INFO ] 2024-09-28 00:09:40.374 [main] LoginHRMOrange - Logout Details...
[INFO ] 2024-09-28 00:09:40.756 [main] LoginHRMOrange - Enter Close Button...
[INFO ] 2024-09-28 00:09:42.772 [main] LoginHRMOrange - Setup2 executed...
[INFO ] 2024-09-28 00:09:42.772 [main] LoginHRMOrange - Setup2 executed...
[INFO ] 2024-09-28 00:09:56.218 [main] LoginHRMOrange - Launch Chrome Browser...
[INFO ] 2024-09-28 00:09:57.017 [main] LoginHRMOrange - Enter InValid  UserName Details...
[INFO ] 2024-09-28 00:09:57.688 [main] LoginHRMOrange - Enter InValid Passwod Details...
[INFO ] 2024-09-28 00:09:58.971 [main] LoginHRMOrange - Click login Details...
[INFO ] 2024-09-28 00:09:59.574 [main] LoginHRMOrange -  Validate the Valid and Invalid Details...
[INFO ] 2024-09-28 00:09:59.953 [main] LoginHRMOrange - Enter Close Button...
[INFO ] 2024-09-30 00:06:51.607 [main] LoginHRMOrange - Setup2 executed...
[INFO ] 2024-09-30 00:06:51.678 [main] LoginHRMOrange - Setup2 executed...
[INFO ] 2024-09-30 00:06:53.192 [main] LoginHRMOrange - Launch Chrome Browser...
[INFO ] 2024-09-30 00:07:05.528 [main] LoginHRMOrange - Enter UserName Details...
[INFO ] 2024-09-30 00:07:06.090 [main] LoginHRMOrange - Enter Password Details...
[INFO ] 2024-09-30 00:07:08.535 [main] LoginHRMOrange - Click login Details...
[INFO ] 2024-09-30 00:07:08.730 [main] LoginHRMOrange - Verify Details...
[INFO ] 2024-09-30 00:07:09.106 [main] LoginHRMOrange - Enter Home page Details...
[INFO ] 2024-09-30 00:07:18.702 [main] LoginHRMOrange - Logout Details...
[INFO ] 2024-09-30 00:07:19.118 [main] LoginHRMOrange - Enter Close Button...
[INFO ] 2024-09-30 00:12:51.830 [main] LoginHRMOrange - Setup2 executed...
[INFO ] 2024-09-30 00:12:51.942 [main] LoginHRMOrange - Setup2 executed...
[INFO ] 2024-09-30 00:13:02.791 [main] LoginHRMOrange - Launch Chrome Browser...
[INFO ] 2024-09-30 00:13:03.489 [main] LoginHRMOrange - Enter UserName Details...
[INFO ] 2024-09-30 00:13:04.010 [main] LoginHRMOrange - Enter Password Details...
[INFO ] 2024-09-30 00:13:04.211 [main] LoginHRMOrange - Click login Details...
[INFO ] 2024-09-30 00:13:10.163 [main] LoginHRMOrange - Click PIM Module Details...
[INFO ] 2024-09-30 00:13:15.943 [main] LoginHRMOrange - Click Employee Details...
[INFO ] 2024-09-30 00:13:17.481 [main] LoginHRMOrange - Enter User FirstName Details...
[INFO ] 2024-09-30 00:13:17.815 [main] LoginHRMOrange - Enter User MiddleName Details...
[INFO ] 2024-09-30 00:13:18.120 [main] LoginHRMOrange - Enter User LastName Details...
[INFO ] 2024-09-30 00:13:19.240 [main] LoginHRMOrange - Click on Save Button 
[INFO ] 2024-10-03 10:17:16.182 [main] LoginHRMOrange - Setup2 executed...
[INFO ] 2024-10-03 10:17:16.327 [main] LoginHRMOrange - Setup2 executed...
[INFO ] 2024-10-03 10:17:19.594 [main] LoginHRMOrange - Launch Chrome Browser...
[INFO ] 2024-10-04 14:16:13.072 [main] LoginHRMOrange - Setup2 executed...
[INFO ] 2024-10-04 14:16:13.168 [main] LoginHRMOrange - Setup2 executed...
[INFO ] 2024-10-04 14:16:18.071 [main] LoginHRMOrange - Launch Chrome Browser...
[INFO ] 2024-10-04 14:16:30.753 [main] LoginHRMOrange - Setup2 executed...
[INFO ] 2024-10-04 14:16:30.756 [main] LoginHRMOrange - Setup2 executed...
[INFO ] 2024-10-04 14:16:32.418 [main] LoginHRMOrange - Launch Chrome Browser...
[INFO ] 2024-10-04 14:16:43.251 [main] LoginHRMOrange - Setup2 executed...
[INFO ] 2024-10-04 14:16:43.255 [main] LoginHRMOrange - Setup2 executed...
[INFO ] 2024-10-04 14:16:45.021 [main] LoginHRMOrange - Launch Chrome Browser...
[INFO ] 2024-10-04 14:17:57.130 [main] LoginHRMOrange - Setup2 executed...
[INFO ] 2024-10-04 14:17:57.197 [main] LoginHRMOrange - Setup2 executed...
[INFO ] 2024-10-04 14:18:02.418 [main] LoginHRMOrange - Launch Chrome Browser...
[INFO ] 2024-10-04 14:18:04.702 [main] LoginHRMOrange - Enter User Details...
[INFO ] 2024-10-04 14:18:05.435 [main] LoginHRMOrange - Enter User Details...
[INFO ] 2024-10-04 14:18:07.283 [main] LoginHRMOrange - Click login Details...
[INFO ] 2024-10-04 14:18:07.475 [main] LoginHRMOrange - Verify Details...
[INFO ] 2024-10-04 14:18:08.004 [main] LoginHRMOrange - Enter Home page Details...
[INFO ] 2024-10-04 14:18:09.728 [main] LoginHRMOrange - Logout Details...
[INFO ] 2024-10-04 14:18:12.024 [main] LoginHRMOrange - Setup2 executed...
[INFO ] 2024-10-04 14:18:12.024 [main] LoginHRMOrange - Setup2 executed...
[INFO ] 2024-10-04 14:18:17.066 [main] LoginHRMOrange - Launch Chrome Browser...
[INFO ] 2024-10-04 14:18:17.847 [main] LoginHRMOrange - Enter Valid Details...
[INFO ] 2024-10-04 14:18:18.544 [main] LoginHRMOrange - Enter Valid Details...
[INFO ] 2024-10-04 14:18:20.118 [main] LoginHRMOrange - Click login Details...
[INFO ] 2024-10-04 14:18:20.612 [main] LoginHRMOrange - Enter Close Button...
[INFO ] 2024-10-04 14:18:22.460 [main] LoginHRMOrange - Setup2 executed...
[INFO ] 2024-10-04 14:18:22.468 [main] LoginHRMOrange - Setup2 executed...
[INFO ] 2024-10-04 14:18:26.880 [main] LoginHRMOrange - Launch Chrome Browser...
[INFO ] 2024-10-04 14:18:29.703 [main] LoginHRMOrange - Enter Valid Details...
[INFO ] 2024-10-04 14:18:30.452 [main] LoginHRMOrange - Enter Valid Details...
[INFO ] 2024-10-04 14:18:32.128 [main] LoginHRMOrange - Click login Details...
[INFO ] 2024-10-04 14:18:32.540 [main] LoginHRMOrange - Enter Close Button...
[INFO ] 2024-10-04 16:18:46.455 [main] LoginHRMOrange - Setup2 executed...
[INFO ] 2024-10-04 16:18:46.590 [main] LoginHRMOrange - Setup2 executed...
[INFO ] 2024-10-04 16:18:51.461 [main] LoginHRMOrange - Launch Chrome Browser...
[INFO ] 2024-10-04 16:18:52.180 [main] LoginHRMOrange - Enter User Details...
[INFO ] 2024-10-04 16:18:53.028 [main] LoginHRMOrange - Enter User Details...
[INFO ] 2024-10-04 16:18:54.641 [main] LoginHRMOrange - Click login Details...
[INFO ] 2024-10-04 16:18:54.892 [main] LoginHRMOrange - Verify Details...
[INFO ] 2024-10-04 16:18:56.020 [main] LoginHRMOrange - Enter Home page Details...
[INFO ] 2024-10-04 16:18:57.394 [main] LoginHRMOrange - Logout Details...
[INFO ] 2024-10-04 16:19:00.129 [main] LoginHRMOrange - Setup2 executed...
[INFO ] 2024-10-04 16:19:00.129 [main] LoginHRMOrange - Setup2 executed...
[INFO ] 2024-10-04 16:19:04.633 [main] LoginHRMOrange - Launch Chrome Browser...
[INFO ] 2024-10-04 16:19:05.427 [main] LoginHRMOrange - Enter Valid Details...
[INFO ] 2024-10-04 16:19:06.415 [main] LoginHRMOrange - Enter Valid Details...
[INFO ] 2024-10-04 16:19:08.270 [main] LoginHRMOrange - Click login Details...
[INFO ] 2024-10-04 16:19:08.920 [main] LoginHRMOrange - Enter Close Button...
[INFO ] 2024-10-04 16:19:11.943 [main] LoginHRMOrange - Setup2 executed...
[INFO ] 2024-10-04 16:19:11.943 [main] LoginHRMOrange - Setup2 executed...
[INFO ] 2024-10-04 16:19:15.874 [main] LoginHRMOrange - Launch Chrome Browser...
[INFO ] 2024-10-04 16:19:18.595 [main] LoginHRMOrange - Enter Valid Details...
[INFO ] 2024-10-04 16:19:19.139 [main] LoginHRMOrange - Enter Valid Details...
[INFO ] 2024-10-04 16:19:19.443 [main] LoginHRMOrange - Click login Details...
[INFO ] 2024-10-04 16:19:21.332 [main] LoginHRMOrange - Enter Close Button...
